Performing C SOURCE FILE Test CMAKE_HAVE_LIBC_PTHREAD failed with the following output:
Change Dir: /home/lipito/game_of_life/target/release/build/raylib-sys-b1e66d2e47599788/out/build/CMakeFiles/CMakeTmp

Run Build Command(s):/usr/bin/make cmTC_c1912/fast && /usr/bin/make -f CMakeFiles/cmTC_c1912.dir/build.make CMakeFiles/cmTC_c1912.dir/build
make[1]: Entering directory '/home/lipito/game_of_life/target/release/build/raylib-sys-b1e66d2e47599788/out/build/CMakeFiles/CMakeTmp'
Building C object CMakeFiles/cmTC_c1912.dir/src.c.o
/usr/bin/cc   -fno-strict-aliasing -Werror=implicit-function-declaration -Werror=pointer-arith  -ffunction-sections -fdata-sections -fPIC -m64 -DCMAKE_HAVE_LIBC_PTHREAD   -std=gnu99 -o CMakeFiles/cmTC_c1912.dir/src.c.o   -c /home/lipito/game_of_life/target/release/build/raylib-sys-b1e66d2e47599788/out/build/CMakeFiles/CMakeTmp/src.c
Linking C executable cmTC_c1912
/usr/bin/cmake -E cmake_link_script CMakeFiles/cmTC_c1912.dir/link.txt --verbose=1
/usr/bin/cc -fno-strict-aliasing -Werror=implicit-function-declaration -Werror=pointer-arith  -ffunction-sections -fdata-sections -fPIC -m64 -DCMAKE_HAVE_LIBC_PTHREAD    CMakeFiles/cmTC_c1912.dir/src.c.o  -o cmTC_c1912 
/usr/bin/ld: CMakeFiles/cmTC_c1912.dir/src.c.o: in function `main':
src.c:(.text.main+0x34): undefined reference to `pthread_create'
/usr/bin/ld: src.c:(.text.main+0x40): undefined reference to `pthread_detach'
/usr/bin/ld: src.c:(.text.main+0x51): undefined reference to `pthread_join'
collect2: error: ld returned 1 exit status
make[1]: *** [CMakeFiles/cmTC_c1912.dir/build.make:87: cmTC_c1912] Error 1
make[1]: Leaving directory '/home/lipito/game_of_life/target/release/build/raylib-sys-b1e66d2e47599788/out/build/CMakeFiles/CMakeTmp'
make: *** [Makefile:121: cmTC_c1912/fast] Error 2


Source file was:
#include <pthread.h>

void* test_func(void* data)
{
  return data;
}

int main(void)
{
  pthread_t thread;
  pthread_create(&thread, NULL, test_func, NULL);
  pthread_detach(thread);
  pthread_join(thread, NULL);
  pthread_atfork(NULL, NULL, NULL);
  pthread_exit(NULL);

  return 0;
}

Determining if the function pthread_create exists in the pthreads failed with the following output:
Change Dir: /home/lipito/game_of_life/target/release/build/raylib-sys-b1e66d2e47599788/out/build/CMakeFiles/CMakeTmp

Run Build Command(s):/usr/bin/make cmTC_15277/fast && /usr/bin/make -f CMakeFiles/cmTC_15277.dir/build.make CMakeFiles/cmTC_15277.dir/build
make[1]: Entering directory '/home/lipito/game_of_life/target/release/build/raylib-sys-b1e66d2e47599788/out/build/CMakeFiles/CMakeTmp'
Building C object CMakeFiles/cmTC_15277.dir/CheckFunctionExists.c.o
/usr/bin/cc   -fno-strict-aliasing -Werror=implicit-function-declaration -Werror=pointer-arith  -ffunction-sections -fdata-sections -fPIC -m64 -DCHECK_FUNCTION_EXISTS=pthread_create   -std=gnu99 -o CMakeFiles/cmTC_15277.dir/CheckFunctionExists.c.o   -c /usr/share/cmake-3.16/Modules/CheckFunctionExists.c
Linking C executable cmTC_15277
/usr/bin/cmake -E cmake_link_script CMakeFiles/cmTC_15277.dir/link.txt --verbose=1
/usr/bin/cc -fno-strict-aliasing -Werror=implicit-function-declaration -Werror=pointer-arith  -ffunction-sections -fdata-sections -fPIC -m64 -DCHECK_FUNCTION_EXISTS=pthread_create    CMakeFiles/cmTC_15277.dir/CheckFunctionExists.c.o  -o cmTC_15277  -lpthreads 
/usr/bin/ld: cannot find -lpthreads
collect2: error: ld returned 1 exit status
make[1]: *** [CMakeFiles/cmTC_15277.dir/build.make:87: cmTC_15277] Error 1
make[1]: Leaving directory '/home/lipito/game_of_life/target/release/build/raylib-sys-b1e66d2e47599788/out/build/CMakeFiles/CMakeTmp'
make: *** [Makefile:121: cmTC_15277/fast] Error 2



